opencv/build/outputs/logs/manifest-merger-debug-report.txt
-- Merging decision tree log ---
manifest
ADDED from cloudridar_movieapp_client.git\opencv\AndroidManifest.xml:2:1-8:12
INJECTED from cloudridar_movieapp_client.git\opencv\AndroidManifest.xml:2:1-8:12
INJECTED from cloudridar_movieapp_client.git\opencv\AndroidManifest.xml:2:1-8:12
INJECTED from cloudridar_movieapp_client.git\opencv\AndroidManifest.xml:2:1-8:12
INJECTED from cloudridar_movieapp_client.git\opencv\AndroidManifest.xml:2:1-8:12
INJECTED from cloudridar_movieapp_client.git\opencv\AndroidManifest.xml:2:1-8:12
INJECTED from cloudridar_movieapp_client.git\opencv\AndroidManifest.xml:2:1-8:12
	package
		ADDED from cloudridar_movieapp_client.git\opencv\AndroidManifest.xml:3:7-27
		INJECTED from cloudridar_movieapp_client.git\opencv\AndroidManifest.xml
		INJECTED from cloudridar_movieapp_client.git\opencv\AndroidManifest.xml
	android:versionName
		ADDED from cloudridar_movieapp_client.git\opencv\AndroidManifest.xml:5:7-35
		INJECTED from cloudridar_movieapp_client.git\opencv\AndroidManifest.xml
		INJECTED from cloudridar_movieapp_client.git\opencv\AndroidManifest.xml
	xmlns:android
		ADDED from cloudridar_movieapp_client.git\opencv\AndroidManifest.xml:2:11-69
	android:versionCode
		ADDED from cloudridar_movieapp_client.git\opencv\AndroidManifest.xml:4:7-34
		INJECTED from cloudridar_movieapp_client.git\opencv\AndroidManifest.xml
		INJECTED from cloudridar_movieapp_client.git\opencv\AndroidManifest.xml
uses-sdk
ADDED from cloudridar_movieapp_client.git\opencv\AndroidManifest.xml:7:5-43
INJECTED from cloudridar_movieapp_client.git\opencv\AndroidManifest.xml:7:5-43
INJECTED from cloudridar_movieapp_client.git\opencv\AndroidManifest.xml:7:5-43
INJECTED from cloudridar_movieapp_client.git\opencv\AndroidManifest.xml:7:5-43
INJECTED from cloudridar_movieapp_client.git\opencv\AndroidManifest.xml:7:5-43
	android:targetSdkVersion
		INJECTED from cloudridar_movieapp_client.git\opencv\AndroidManifest.xml
		ADDED from cloudridar_movieapp_client.git\opencv\AndroidManifest.xml:7:5-43
		INJECTED from cloudridar_movieapp_client.git\opencv\AndroidManifest.xml
	android:minSdkVersion
		ADDED from cloudridar_movieapp_client.git\opencv\AndroidManifest.xml:7:15-40
		INJECTED from cloudridar_movieapp_client.git\opencv\AndroidManifest.xml
		INJECTED from cloudridar_movieapp_client.git\opencv\AndroidManifest.xml